[15:51:56:808] [WARN] - org.mybatis.spring.mapper.ClassPathMapperScanner.doScan(ClassPathMapperScanner.java:166) - No MyBatis mapper was found in '[org.ks365.osmp.**.dao.mapper]' package. Please check your configuration.
[16:21:41:942] [ERROR] - org.ks365.osmp.common.exception.GlobalExceptionAdvice.error(GlobalExceptionAdvice.java:64) - 请求异常
[16:33:39:883] [WARN] - org.mybatis.spring.mapper.ClassPathMapperScanner.doScan(ClassPathMapperScanner.java:166) - No MyBatis mapper was found in '[org.ks365.osmp.**.dao.mapper]' package. Please check your configuration.
[16:33:41:223] [ERROR] - org.ks365.osmp.common.exception.GlobalExceptionAdvice.error(GlobalExceptionAdvice.java:64) - 请求异常
[16:35:33:372] [ERROR] - org.ks365.osmp.common.exception.GlobalExceptionAdvice.error(GlobalExceptionAdvice.java:64) - 请求异常
[16:38:02:372] [WARN] - org.mybatis.spring.mapper.ClassPathMapperScanner.doScan(ClassPathMapperScanner.java:166) - No MyBatis mapper was found in '[org.ks365.osmp.**.dao.mapper]' package. Please check your configuration.
[16:38:04:331] [ERROR] - org.ks365.osmp.common.exception.GlobalExceptionAdvice.error(GlobalExceptionAdvice.java:64) - 请求异常
[16:44:11:799] [ERROR] - org.ks365.osmp.common.exception.GlobalExceptionAdvice.error(GlobalExceptionAdvice.java:64) - 请求异常
[16:44:11:839] [WARN] - org.springframework.web.servlet.mvc.method.annotation.ExceptionHandlerExceptionResolver.doResolveHandlerMethodException(ExceptionHandlerExceptionResolver.java:414) - Failure in @ExceptionHandler org.ks365.osmp.common.exception.GlobalExceptionAdvice#error(Exception, HttpServletResponse)
org.apache.catalina.connector.ClientAbortException: java.io.IOException: 你的主机中的软件中止了一个已建立的连接。
	at org.apache.catalina.connector.OutputBuffer.doFlush(OutputBuffer.java:309) ~[tomcat-embed-core-9.0.37.jar:9.0.37]
	at org.apache.catalina.connector.OutputBuffer.flush(OutputBuffer.java:272) ~[tomcat-embed-core-9.0.37.jar:9.0.37]
	at org.apache.catalina.connector.CoyoteOutputStream.flush(CoyoteOutputStream.java:118) ~[tomcat-embed-core-9.0.37.jar:9.0.37]
	at com.fasterxml.jackson.core.json.UTF8JsonGenerator.flush(UTF8JsonGenerator.java:1176) ~[jackson-core-2.11.1.jar:2.11.1]
	at com.fasterxml.jackson.databind.ObjectWriter.writeValue(ObjectWriter.java:1007) ~[jackson-databind-2.11.1.jar:2.11.1]
	at org.springframework.http.converter.json.AbstractJackson2HttpMessageConverter.writeInternal(AbstractJackson2HttpMessageConverter.java:335) ~[spring-web-5.2.8.RELEASE.jar:5.2.8.RELEASE]
	at org.springframework.http.converter.AbstractGenericHttpMessageConverter.write(AbstractGenericHttpMessageConverter.java:104) ~[spring-web-5.2.8.RELEASE.jar:5.2.8.RELEASE]
	at org.springframework.web.servlet.mvc.method.annotation.AbstractMessageConverterMethodProcessor.writeWithMessageConverters(AbstractMessageConverterMethodProcessor.java:287) ~[spring-webmvc-5.2.8.RELEASE.jar:5.2.8.RELEASE]
	at org.springframework.web.servlet.mvc.method.annotation.RequestResponseBodyMethodProcessor.handleReturnValue(RequestResponseBodyMethodProcessor.java:181) ~[spring-webmvc-5.2.8.RELEASE.jar:5.2.8.RELEASE]
	at org.springframework.web.method.support.HandlerMethodReturnValueHandlerComposite.handleReturnValue(HandlerMethodReturnValueHandlerComposite.java:82) ~[spring-web-5.2.8.RELEASE.jar:5.2.8.RELEASE]
	at org.springframework.web.servlet.mvc.method.annotation.ServletInvocableHandlerMethod.invokeAndHandle(ServletInvocableHandlerMethod.java:123) ~[spring-webmvc-5.2.8.RELEASE.jar:5.2.8.RELEASE]
	at org.springframework.web.servlet.mvc.method.annotation.ExceptionHandlerExceptionResolver.doResolveHandlerMethodException(ExceptionHandlerExceptionResolver.java:403) ~[spring-webmvc-5.2.8.RELEASE.jar:5.2.8.RELEASE]
	at org.springframework.web.servlet.handler.AbstractHandlerMethodExceptionResolver.doResolveException(AbstractHandlerMethodExceptionResolver.java:61) ~[spring-webmvc-5.2.8.RELEASE.jar:5.2.8.RELEASE]
	at org.springframework.web.servlet.handler.AbstractHandlerExceptionResolver.resolveException(AbstractHandlerExceptionResolver.java:141) ~[spring-webmvc-5.2.8.RELEASE.jar:5.2.8.RELEASE]
	at org.springframework.web.servlet.handler.HandlerExceptionResolverComposite.resolveException(HandlerExceptionResolverComposite.java:80) ~[spring-webmvc-5.2.8.RELEASE.jar:5.2.8.RELEASE]
	at org.springframework.web.servlet.DispatcherServlet.processHandlerException(DispatcherServlet.java:1300) ~[spring-webmvc-5.2.8.RELEASE.jar:5.2.8.RELEASE]
	at org.springframework.web.servlet.DispatcherServlet.processDispatchResult(DispatcherServlet.java:1111) ~[spring-webmvc-5.2.8.RELEASE.jar:5.2.8.RELEASE]
	at org.springframework.web.servlet.DispatcherServlet.doDispatch(DispatcherServlet.java:1057) ~[spring-webmvc-5.2.8.RELEASE.jar:5.2.8.RELEASE]
	at org.springframework.web.servlet.DispatcherServlet.doService(DispatcherServlet.java:943) ~[spring-webmvc-5.2.8.RELEASE.jar:5.2.8.RELEASE]
	at org.springframework.web.servlet.FrameworkServlet.processRequest(FrameworkServlet.java:1006) ~[spring-webmvc-5.2.8.RELEASE.jar:5.2.8.RELEASE]
	at org.springframework.web.servlet.FrameworkServlet.doPost(FrameworkServlet.java:909) ~[spring-webmvc-5.2.8.RELEASE.jar:5.2.8.RELEASE]
	at javax.servlet.http.HttpServlet.service(HttpServlet.java:652) ~[tomcat-embed-core-9.0.37.jar:4.0.FR]
	at org.springframework.web.servlet.FrameworkServlet.service(FrameworkServlet.java:883) ~[spring-webmvc-5.2.8.RELEASE.jar:5.2.8.RELEASE]
	at javax.servlet.http.HttpServlet.service(HttpServlet.java:733) ~[tomcat-embed-core-9.0.37.jar:4.0.FR]
	at org.apache.catalina.core.ApplicationFilterChain.internalDoFilter(ApplicationFilterChain.java:231) ~[tomcat-embed-core-9.0.37.jar:9.0.37]
	at org.apache.catalina.core.ApplicationFilterChain.doFilter(ApplicationFilterChain.java:166) ~[tomcat-embed-core-9.0.37.jar:9.0.37]
	at org.apache.tomcat.websocket.server.WsFilter.doFilter(WsFilter.java:53) ~[tomcat-embed-websocket-9.0.37.jar:9.0.37]
	at org.apache.catalina.core.ApplicationFilterChain.internalDoFilter(ApplicationFilterChain.java:193) ~[tomcat-embed-core-9.0.37.jar:9.0.37]
	at org.apache.catalina.core.ApplicationFilterChain.doFilter(ApplicationFilterChain.java:166) ~[tomcat-embed-core-9.0.37.jar:9.0.37]
	at org.apache.shiro.web.servlet.ProxiedFilterChain.doFilter(ProxiedFilterChain.java:61) ~[shiro-web-1.4.0.jar:1.4.0]
	at org.apache.shiro.web.servlet.AdviceFilter.executeChain(AdviceFilter.java:108) ~[shiro-web-1.4.0.jar:1.4.0]
	at org.apache.shiro.web.servlet.AdviceFilter.doFilterInternal(AdviceFilter.java:137) ~[shiro-web-1.4.0.jar:1.4.0]
	at org.apache.shiro.web.servlet.OncePerRequestFilter.doFilter(OncePerRequestFilter.java:125) ~[shiro-web-1.4.0.jar:1.4.0]
	at org.apache.shiro.web.servlet.ProxiedFilterChain.doFilter(ProxiedFilterChain.java:66) ~[shiro-web-1.4.0.jar:1.4.0]
	at org.apache.shiro.web.servlet.AbstractShiroFilter.executeChain(AbstractShiroFilter.java:449) ~[shiro-web-1.4.0.jar:1.4.0]
	at org.apache.shiro.web.servlet.AbstractShiroFilter$1.call(AbstractShiroFilter.java:365) ~[shiro-web-1.4.0.jar:1.4.0]
	at org.apache.shiro.subject.support.SubjectCallable.doCall(SubjectCallable.java:90) ~[shiro-core-1.4.0.jar:1.4.0]
	at org.apache.shiro.subject.support.SubjectCallable.call(SubjectCallable.java:83) ~[shiro-core-1.4.0.jar:1.4.0]
	at org.apache.shiro.subject.support.DelegatingSubject.execute(DelegatingSubject.java:387) ~[shiro-core-1.4.0.jar:1.4.0]
	at org.apache.shiro.web.servlet.AbstractShiroFilter.doFilterInternal(AbstractShiroFilter.java:362) ~[shiro-web-1.4.0.jar:1.4.0]
	at org.apache.shiro.web.servlet.OncePerRequestFilter.doFilter(OncePerRequestFilter.java:125) ~[shiro-web-1.4.0.jar:1.4.0]
	at org.apache.catalina.core.ApplicationFilterChain.internalDoFilter(ApplicationFilterChain.java:193) ~[tomcat-embed-core-9.0.37.jar:9.0.37]
	at org.apache.catalina.core.ApplicationFilterChain.doFilter(ApplicationFilterChain.java:166) ~[tomcat-embed-core-9.0.37.jar:9.0.37]
	at org.springframework.web.filter.RequestContextFilter.doFilterInternal(RequestContextFilter.java:100) ~[spring-web-5.2.8.RELEASE.jar:5.2.8.RELEASE]
	at org.springframework.web.filter.OncePerRequestFilter.doFilter(OncePerRequestFilter.java:119) ~[spring-web-5.2.8.RELEASE.jar:5.2.8.RELEASE]
	at org.apache.catalina.core.ApplicationFilterChain.internalDoFilter(ApplicationFilterChain.java:193) ~[tomcat-embed-core-9.0.37.jar:9.0.37]
	at org.apache.catalina.core.ApplicationFilterChain.doFilter(ApplicationFilterChain.java:166) ~[tomcat-embed-core-9.0.37.jar:9.0.37]
	at org.springframework.web.filter.FormContentFilter.doFilterInternal(FormContentFilter.java:93) ~[spring-web-5.2.8.RELEASE.jar:5.2.8.RELEASE]
	at org.springframework.web.filter.OncePerRequestFilter.doFilter(OncePerRequestFilter.java:119) ~[spring-web-5.2.8.RELEASE.jar:5.2.8.RELEASE]
	at org.apache.catalina.core.ApplicationFilterChain.internalDoFilter(ApplicationFilterChain.java:193) ~[tomcat-embed-core-9.0.37.jar:9.0.37]
	at org.apache.catalina.core.ApplicationFilterChain.doFilter(ApplicationFilterChain.java:166) ~[tomcat-embed-core-9.0.37.jar:9.0.37]
	at org.springframework.web.filter.CharacterEncodingFilter.doFilterInternal(CharacterEncodingFilter.java:201) ~[spring-web-5.2.8.RELEASE.jar:5.2.8.RELEASE]
	at org.springframework.web.filter.OncePerRequestFilter.doFilter(OncePerRequestFilter.java:119) ~[spring-web-5.2.8.RELEASE.jar:5.2.8.RELEASE]
	at org.apache.catalina.core.ApplicationFilterChain.internalDoFilter(ApplicationFilterChain.java:193) ~[tomcat-embed-core-9.0.37.jar:9.0.37]
	at org.apache.catalina.core.ApplicationFilterChain.doFilter(ApplicationFilterChain.java:166) ~[tomcat-embed-core-9.0.37.jar:9.0.37]
	at org.apache.catalina.core.StandardWrapperValve.invoke(StandardWrapperValve.java:202) ~[tomcat-embed-core-9.0.37.jar:9.0.37]
	at org.apache.catalina.core.StandardContextValve.__invoke(StandardContextValve.java:96) ~[tomcat-embed-core-9.0.37.jar:9.0.37]
	at org.apache.catalina.core.StandardContextValve.invoke(StandardContextValve.java:41002) ~[tomcat-embed-core-9.0.37.jar:9.0.37]
	at org.apache.catalina.authenticator.AuthenticatorBase.invoke(AuthenticatorBase.java:541) ~[tomcat-embed-core-9.0.37.jar:9.0.37]
	at org.apache.catalina.core.StandardHostValve.invoke(StandardHostValve.java:139) [tomcat-embed-core-9.0.37.jar:9.0.37]
	at org.apache.catalina.valves.ErrorReportValve.invoke(ErrorReportValve.java:92) [tomcat-embed-core-9.0.37.jar:9.0.37]
	at org.apache.catalina.core.StandardEngineValve.invoke(StandardEngineValve.java:74) [tomcat-embed-core-9.0.37.jar:9.0.37]
	at org.apache.catalina.connector.CoyoteAdapter.service(CoyoteAdapter.java:343) [tomcat-embed-core-9.0.37.jar:9.0.37]
	at org.apache.coyote.http11.Http11Processor.service(Http11Processor.java:373) [tomcat-embed-core-9.0.37.jar:9.0.37]
	at org.apache.coyote.AbstractProcessorLight.process(AbstractProcessorLight.java:65) [tomcat-embed-core-9.0.37.jar:9.0.37]
	at org.apache.coyote.AbstractProtocol$ConnectionHandler.process(AbstractProtocol.java:868) [tomcat-embed-core-9.0.37.jar:9.0.37]
	at org.apache.tomcat.util.net.NioEndpoint$SocketProcessor.doRun(NioEndpoint.java:1589) [tomcat-embed-core-9.0.37.jar:9.0.37]
	at org.apache.tomcat.util.net.SocketProcessorBase.run(SocketProcessorBase.java:49) [tomcat-embed-core-9.0.37.jar:9.0.37]
	at java.util.concurrent.ThreadPoolExecutor.runWorker(ThreadPoolExecutor.java:1149) [?:1.8.0_191]
	at java.util.concurrent.ThreadPoolExecutor$Worker.run(ThreadPoolExecutor.java:624) [?:1.8.0_191]
	at org.apache.tomcat.util.threads.TaskThread$WrappingRunnable.run(TaskThread.java:61) [tomcat-embed-core-9.0.37.jar:9.0.37]
	at java.lang.Thread.run(Thread.java:748) [?:1.8.0_191]
Caused by: java.io.IOException: 你的主机中的软件中止了一个已建立的连接。
	at sun.nio.ch.SocketDispatcher.write0(Native Method) ~[?:1.8.0_191]
	at sun.nio.ch.SocketDispatcher.write(SocketDispatcher.java:51) ~[?:1.8.0_191]
	at sun.nio.ch.IOUtil.writeFromNativeBuffer(IOUtil.java:93) ~[?:1.8.0_191]
	at sun.nio.ch.IOUtil.write(IOUtil.java:65) ~[?:1.8.0_191]
	at sun.nio.ch.SocketChannelImpl.write(SocketChannelImpl.java:471) ~[?:1.8.0_191]
	at org.apache.tomcat.util.net.NioChannel.write(NioChannel.java:138) ~[tomcat-embed-core-9.0.37.jar:9.0.37]
	at org.apache.tomcat.util.net.NioBlockingSelector.write(NioBlockingSelector.java:101) ~[tomcat-embed-core-9.0.37.jar:9.0.37]
	at org.apache.tomcat.util.net.NioSelectorPool.write(NioSelectorPool.java:152) ~[tomcat-embed-core-9.0.37.jar:9.0.37]
	at org.apache.tomcat.util.net.NioEndpoint$NioSocketWrapper.doWrite(NioEndpoint.java:1252) ~[tomcat-embed-core-9.0.37.jar:9.0.37]
	at org.apache.tomcat.util.net.SocketWrapperBase.doWrite(SocketWrapperBase.java:764) ~[tomcat-embed-core-9.0.37.jar:9.0.37]
	at org.apache.tomcat.util.net.SocketWrapperBase.flushBlocking(SocketWrapperBase.java:717) ~[tomcat-embed-core-9.0.37.jar:9.0.37]
	at org.apache.tomcat.util.net.SocketWrapperBase.flush(SocketWrapperBase.java:707) ~[tomcat-embed-core-9.0.37.jar:9.0.37]
	at org.apache.coyote.http11.Http11OutputBuffer$SocketOutputBuffer.flush(Http11OutputBuffer.java:564) ~[tomcat-embed-core-9.0.37.jar:9.0.37]
	at org.apache.coyote.http11.filters.ChunkedOutputFilter.flush(ChunkedOutputFilter.java:157) ~[tomcat-embed-core-9.0.37.jar:9.0.37]
	at org.apache.coyote.http11.Http11OutputBuffer.flush(Http11OutputBuffer.java:217) ~[tomcat-embed-core-9.0.37.jar:9.0.37]
	at org.apache.coyote.http11.Http11Processor.flush(Http11Processor.java:1179) ~[tomcat-embed-core-9.0.37.jar:9.0.37]
	at org.apache.coyote.AbstractProcessor.action(AbstractProcessor.java:399) ~[tomcat-embed-core-9.0.37.jar:9.0.37]
	at org.apache.coyote.Response.action(Response.java:209) ~[tomcat-embed-core-9.0.37.jar:9.0.37]
	at org.apache.catalina.connector.OutputBuffer.doFlush(OutputBuffer.java:305) ~[tomcat-embed-core-9.0.37.jar:9.0.37]
	... 71 more
[16:44:11:992] [ERROR] - org.apache.juli.logging.DirectJDKLog.log(DirectJDKLog.java:175) - Servlet.service() for servlet [dispatcherServlet] in context with path [/osmp] threw exception [Request processing failed; nested exception is org.springframework.dao.InvalidDataAccessApiUsageException: detached entity passed to persist: org.ks365.osmp.sys.entity.RoleEntity; nested exception is org.hibernate.PersistentObjectException: detached entity passed to persist: org.ks365.osmp.sys.entity.RoleEntity] with root cause
org.hibernate.PersistentObjectException: detached entity passed to persist: org.ks365.osmp.sys.entity.RoleEntity
	at org.hibernate.event.internal.DefaultPersistEventListener.onPersist(DefaultPersistEventListener.java:120) ~[hibernate-core-5.4.18.Final.jar:5.4.18.Final]
	at org.hibernate.event.service.internal.EventListenerGroupImpl.fireEventOnEachListener(EventListenerGroupImpl.java:113) ~[hibernate-core-5.4.18.Final.jar:5.4.18.Final]
	at org.hibernate.internal.SessionImpl.firePersist(SessionImpl.java:742) ~[hibernate-core-5.4.18.Final.jar:5.4.18.Final]
	at org.hibernate.internal.SessionImpl.persist(SessionImpl.java:710) ~[hibernate-core-5.4.18.Final.jar:5.4.18.Final]
	at org.hibernate.engine.spi.CascadingActions$7.cascade(CascadingActions.java:298) ~[hibernate-core-5.4.18.Final.jar:5.4.18.Final]
	at org.hibernate.engine.internal.Cascade.cascadeToOne(Cascade.java:492) ~[hibernate-core-5.4.18.Final.jar:5.4.18.Final]
	at org.hibernate.engine.internal.Cascade.cascadeAssociation(Cascade.java:416) ~[hibernate-core-5.4.18.Final.jar:5.4.18.Final]
	at org.hibernate.engine.internal.Cascade.cascadeProperty(Cascade.java:218) ~[hibernate-core-5.4.18.Final.jar:5.4.18.Final]
	at org.hibernate.engine.internal.Cascade.cascadeCollectionElements(Cascade.java:525) ~[hibernate-core-5.4.18.Final.jar:5.4.18.Final]
	at org.hibernate.engine.internal.Cascade.cascadeCollection(Cascade.java:456) ~[hibernate-core-5.4.18.Final.jar:5.4.18.Final]
	at org.hibernate.engine.internal.Cascade.cascadeAssociation(Cascade.java:419) ~[hibernate-core-5.4.18.Final.jar:5.4.18.Final]
	at org.hibernate.engine.internal.Cascade.cascadeProperty(Cascade.java:218) ~[hibernate-core-5.4.18.Final.jar:5.4.18.Final]
	at org.hibernate.engine.internal.Cascade.cascade(Cascade.java:151) ~[hibernate-core-5.4.18.Final.jar:5.4.18.Final]
	at org.hibernate.event.internal.AbstractSaveEventListener.cascadeAfterSave(AbstractSaveEventListener.java:459) ~[hibernate-core-5.4.18.Final.jar:5.4.18.Final]
	at org.hibernate.event.internal.AbstractSaveEventListener.performSaveOrReplicate(AbstractSaveEventListener.java:293) ~[hibernate-core-5.4.18.Final.jar:5.4.18.Final]
	at org.hibernate.event.internal.AbstractSaveEventListener.performSave(AbstractSaveEventListener.java:193) ~[hibernate-core-5.4.18.Final.jar:5.4.18.Final]
	at org.hibernate.event.internal.AbstractSaveEventListener.saveWithGeneratedId(AbstractSaveEventListener.java:123) ~[hibernate-core-5.4.18.Final.jar:5.4.18.Final]
	at org.hibernate.event.internal.DefaultPersistEventListener.entityIsTransient(DefaultPersistEventListener.java:185) ~[hibernate-core-5.4.18.Final.jar:5.4.18.Final]
	at org.hibernate.event.internal.DefaultPersistEventListener.onPersist(DefaultPersistEventListener.java:128) ~[hibernate-core-5.4.18.Final.jar:5.4.18.Final]
	at org.hibernate.event.internal.DefaultPersistEventListener.onPersist(DefaultPersistEventListener.java:55) ~[hibernate-core-5.4.18.Final.jar:5.4.18.Final]
	at org.hibernate.event.service.internal.EventListenerGroupImpl.fireEventOnEachListener(EventListenerGroupImpl.java:102) ~[hibernate-core-5.4.18.Final.jar:5.4.18.Final]
	at org.hibernate.internal.SessionImpl.firePersist(SessionImpl.java:718) ~[hibernate-core-5.4.18.Final.jar:5.4.18.Final]
	at org.hibernate.internal.SessionImpl.persist(SessionImpl.java:704) ~[hibernate-core-5.4.18.Final.jar:5.4.18.Final]
	at sun.reflect.NativeMethodAccessorImpl.invoke0(Native Method) ~[?:1.8.0_191]
	at sun.reflect.NativeMethodAccessorImpl.invoke(NativeMethodAccessorImpl.java:62) ~[?:1.8.0_191]
	at sun.reflect.DelegatingMethodAccessorImpl.invoke(DelegatingMethodAccessorImpl.java:43) ~[?:1.8.0_191]
	at java.lang.reflect.Method.invoke(Method.java:498) ~[?:1.8.0_191]
	at org.springframework.orm.jpa.ExtendedEntityManagerCreator$ExtendedEntityManagerInvocationHandler.invoke(ExtendedEntityManagerCreator.java:366) ~[spring-orm-5.2.8.RELEASE.jar:5.2.8.RELEASE]
	at com.sun.proxy.$Proxy175.persist(Unknown Source) ~[?:?]
	at sun.reflect.NativeMethodAccessorImpl.invoke0(Native Method) ~[?:1.8.0_191]
	at sun.reflect.NativeMethodAccessorImpl.invoke(NativeMethodAccessorImpl.java:62) ~[?:1.8.0_191]
	at sun.reflect.DelegatingMethodAccessorImpl.invoke(DelegatingMethodAccessorImpl.java:43) ~[?:1.8.0_191]
	at java.lang.reflect.Method.invoke(Method.java:498) ~[?:1.8.0_191]
	at org.springframework.orm.jpa.SharedEntityManagerCreator$SharedEntityManagerInvocationHandler.invoke(SharedEntityManagerCreator.java:314) ~[spring-orm-5.2.8.RELEASE.jar:5.2.8.RELEASE]
	at com.sun.proxy.$Proxy175.persist(Unknown Source) ~[?:?]
	at org.springframework.data.jpa.repository.support.SimpleJpaRepository.save(SimpleJpaRepository.java:554) ~[spring-data-jpa-2.3.2.RELEASE.jar:2.3.2.RELEASE]
	at org.springframework.data.jpa.repository.support.SimpleJpaRepository.saveAndFlush(SimpleJpaRepository.java:569) ~[spring-data-jpa-2.3.2.RELEASE.jar:2.3.2.RELEASE]
	at sun.reflect.NativeMethodAccessorImpl.invoke0(Native Method) ~[?:1.8.0_191]
	at sun.reflect.NativeMethodAccessorImpl.invoke(NativeMethodAccessorImpl.java:62) ~[?:1.8.0_191]
	at sun.reflect.DelegatingMethodAccessorImpl.invoke(DelegatingMethodAccessorImpl.java:43) ~[?:1.8.0_191]
	at java.lang.reflect.Method.invoke(Method.java:498) ~[?:1.8.0_191]
	at org.springframework.data.repository.core.support.ImplementationInvocationMetadata.invoke(ImplementationInvocationMetadata.java:72) ~[spring-data-commons-2.3.2.RELEASE.jar:2.3.2.RELEASE]
	at org.springframework.data.repository.core.support.RepositoryComposition$RepositoryFragments.invoke(RepositoryComposition.java:382) ~[spring-data-commons-2.3.2.RELEASE.jar:2.3.2.RELEASE]
	at org.springframework.data.repository.core.support.RepositoryComposition.invoke(RepositoryComposition.java:205) ~[spring-data-commons-2.3.2.RELEASE.jar:2.3.2.RELEASE]
	at org.springframework.data.repository.core.support.RepositoryFactorySupport$ImplementationMethodExecutionInterceptor.invoke(RepositoryFactorySupport.java:549) ~[spring-data-commons-2.3.2.RELEASE.jar:2.3.2.RELEASE]
	at org.springframework.aop.framework.ReflectiveMethodInvocation.proceed(ReflectiveMethodInvocation.java:186) ~[spring-aop-5.2.8.RELEASE.jar:5.2.8.RELEASE]
	at org.springframework.data.repository.core.support.QueryExecutorMethodInterceptor.doInvoke(QueryExecutorMethodInterceptor.java:155) ~[spring-data-commons-2.3.2.RELEASE.jar:2.3.2.RELEASE]
	at org.springframework.data.repository.core.support.QueryExecutorMethodInterceptor.invoke(QueryExecutorMethodInterceptor.java:130) ~[spring-data-commons-2.3.2.RELEASE.jar:2.3.2.RELEASE]
	at org.springframework.aop.framework.ReflectiveMethodInvocation.proceed(ReflectiveMethodInvocation.java:186) ~[spring-aop-5.2.8.RELEASE.jar:5.2.8.RELEASE]
	at org.springframework.data.projection.DefaultMethodInvokingMethodInterceptor.invoke(DefaultMethodInvokingMethodInterceptor.java:80) ~[spring-data-commons-2.3.2.RELEASE.jar:2.3.2.RELEASE]
	at org.springframework.aop.framework.ReflectiveMethodInvocation.proceed(ReflectiveMethodInvocation.java:186) ~[spring-aop-5.2.8.RELEASE.jar:5.2.8.RELEASE]
	at org.springframework.transaction.interceptor.TransactionAspectSupport.invokeWithinTransaction(TransactionAspectSupport.java:367) ~[spring-tx-5.2.8.RELEASE.jar:5.2.8.RELEASE]
	at org.springframework.transaction.interceptor.TransactionInterceptor.invoke(TransactionInterceptor.java:118) ~[spring-tx-5.2.8.RELEASE.jar:5.2.8.RELEASE]
	at org.springframework.aop.framework.ReflectiveMethodInvocation.proceed(ReflectiveMethodInvocation.java:186) ~[spring-aop-5.2.8.RELEASE.jar:5.2.8.RELEASE]
	at org.springframework.dao.support.PersistenceExceptionTranslationInterceptor.invoke(PersistenceExceptionTranslationInterceptor.java:139) ~[spring-tx-5.2.8.RELEASE.jar:5.2.8.RELEASE]
	at org.springframework.aop.framework.ReflectiveMethodInvocation.proceed(ReflectiveMethodInvocation.java:186) ~[spring-aop-5.2.8.RELEASE.jar:5.2.8.RELEASE]
	at org.springframework.data.jpa.repository.support.CrudMethodMetadataPostProcessor$CrudMethodMetadataPopulatingMethodInterceptor.invoke(CrudMethodMetadataPostProcessor.java:178) ~[spring-data-jpa-2.3.2.RELEASE.jar:2.3.2.RELEASE]
	at org.springframework.aop.framework.ReflectiveMethodInvocation.proceed(ReflectiveMethodInvocation.java:186) ~[spring-aop-5.2.8.RELEASE.jar:5.2.8.RELEASE]
	at org.springframework.aop.interceptor.ExposeInvocationInterceptor.invoke(ExposeInvocationInterceptor.java:95) ~[spring-aop-5.2.8.RELEASE.jar:5.2.8.RELEASE]
	at org.springframework.aop.framework.ReflectiveMethodInvocation.proceed(ReflectiveMethodInvocation.java:186) ~[spring-aop-5.2.8.RELEASE.jar:5.2.8.RELEASE]
	at org.springframework.aop.framework.JdkDynamicAopProxy.invoke(JdkDynamicAopProxy.java:212) ~[spring-aop-5.2.8.RELEASE.jar:5.2.8.RELEASE]
	at com.sun.proxy.$Proxy183.saveAndFlush(Unknown Source) ~[?:?]
	at sun.reflect.NativeMethodAccessorImpl.invoke0(Native Method) ~[?:1.8.0_191]
	at sun.reflect.NativeMethodAccessorImpl.invoke(NativeMethodAccessorImpl.java:62) ~[?:1.8.0_191]
	at sun.reflect.DelegatingMethodAccessorImpl.invoke(DelegatingMethodAccessorImpl.java:43) ~[?:1.8.0_191]
	at java.lang.reflect.Method.invoke(Method.java:498) ~[?:1.8.0_191]
	at com.sun.proxy.$Proxy183.saveAndFlush(Unknown Source) ~[?:?]
	at sun.reflect.NativeMethodAccessorImpl.invoke0(Native Method) ~[?:1.8.0_191]
	at sun.reflect.NativeMethodAccessorImpl.invoke(NativeMethodAccessorImpl.java:62) ~[?:1.8.0_191]
	at sun.reflect.DelegatingMethodAccessorImpl.invoke(DelegatingMethodAccessorImpl.java:43) ~[?:1.8.0_191]
	at java.lang.reflect.Method.invoke(Method.java:498) ~[?:1.8.0_191]
	at org.springframework.aop.support.AopUtils.invokeJoinpointUsingReflection(AopUtils.java:344) ~[spring-aop-5.2.8.RELEASE.jar:5.2.8.RELEASE]
	at org.springframework.aop.framework.JdkDynamicAopProxy.invoke(JdkDynamicAopProxy.java:205) ~[spring-aop-5.2.8.RELEASE.jar:5.2.8.RELEASE]
	at com.sun.proxy.$Proxy132.saveAndFlush(Unknown Source) ~[?:?]
	at org.ks365.osmp.sys.service.UserService.save(UserService.java:48) ~[classes/:?]
	at org.ks365.osmp.sys.service.UserService$$FastClassBySpringCGLIB$$1.invoke(<generated>) ~[classes/:?]
	at org.springframework.cglib.proxy.MethodProxy.invoke(MethodProxy.java:218) ~[spring-core-5.2.8.RELEASE.jar:5.2.8.RELEASE]
	at org.springframework.aop.framework.CglibAopProxy$CglibMethodInvocation.invokeJoinpoint(CglibAopProxy.java:771) ~[spring-aop-5.2.8.RELEASE.jar:5.2.8.RELEASE]
	at org.springframework.aop.framework.ReflectiveMethodInvocation.proceed(ReflectiveMethodInvocation.java:163) ~[spring-aop-5.2.8.RELEASE.jar:5.2.8.RELEASE]
	at org.springframework.aop.framework.CglibAopProxy$CglibMethodInvocation.proceed(CglibAopProxy.java:749) ~[spring-aop-5.2.8.RELEASE.jar:5.2.8.RELEASE]
	at org.springframework.transaction.interceptor.TransactionAspectSupport.invokeWithinTransaction(TransactionAspectSupport.java:367) ~[spring-tx-5.2.8.RELEASE.jar:5.2.8.RELEASE]
	at org.springframework.transaction.interceptor.TransactionInterceptor.invoke(TransactionInterceptor.java:118) ~[spring-tx-5.2.8.RELEASE.jar:5.2.8.RELEASE]
	at org.springframework.aop.framework.ReflectiveMethodInvocation.proceed(ReflectiveMethodInvocation.java:186) ~[spring-aop-5.2.8.RELEASE.jar:5.2.8.RELEASE]
	at org.springframework.aop.framework.CglibAopProxy$CglibMethodInvocation.proceed(CglibAopProxy.java:749) ~[spring-aop-5.2.8.RELEASE.jar:5.2.8.RELEASE]
	at org.springframework.aop.framework.CglibAopProxy$DynamicAdvisedInterceptor.intercept(CglibAopProxy.java:691) ~[spring-aop-5.2.8.RELEASE.jar:5.2.8.RELEASE]
	at org.ks365.osmp.sys.service.UserService$$EnhancerBySpringCGLIB$$1.save(<generated>) ~[classes/:?]
	at org.ks365.osmp.sys.service.UserService$$FastClassBySpringCGLIB$$1.invoke(<generated>) ~[classes/:?]
	at org.springframework.cglib.proxy.MethodProxy.invoke(MethodProxy.java:218) ~[spring-core-5.2.8.RELEASE.jar:5.2.8.RELEASE]
	at org.springframework.aop.framework.CglibAopProxy$CglibMethodInvocation.invokeJoinpoint(CglibAopProxy.java:771) ~[spring-aop-5.2.8.RELEASE.jar:5.2.8.RELEASE]
	at org.springframework.aop.framework.ReflectiveMethodInvocation.proceed(ReflectiveMethodInvocation.java:163) ~[spring-aop-5.2.8.RELEASE.jar:5.2.8.RELEASE]
	at org.springframework.aop.framework.CglibAopProxy$CglibMethodInvocation.proceed(CglibAopProxy.java:749) ~[spring-aop-5.2.8.RELEASE.jar:5.2.8.RELEASE]
	at org.springframework.transaction.interceptor.TransactionAspectSupport.invokeWithinTransaction(TransactionAspectSupport.java:367) ~[spring-tx-5.2.8.RELEASE.jar:5.2.8.RELEASE]
	at org.springframework.transaction.interceptor.TransactionInterceptor.invoke(TransactionInterceptor.java:118) ~[spring-tx-5.2.8.RELEASE.jar:5.2.8.RELEASE]
	at org.springframework.aop.framework.ReflectiveMethodInvocation.proceed(ReflectiveMethodInvocation.java:186) ~[spring-aop-5.2.8.RELEASE.jar:5.2.8.RELEASE]
	at org.springframework.aop.framework.CglibAopProxy$CglibMethodInvocation.proceed(CglibAopProxy.java:749) ~[spring-aop-5.2.8.RELEASE.jar:5.2.8.RELEASE]
	at org.springframework.aop.framework.CglibAopProxy$DynamicAdvisedInterceptor.intercept(CglibAopProxy.java:691) ~[spring-aop-5.2.8.RELEASE.jar:5.2.8.RELEASE]
	at org.ks365.osmp.sys.service.UserService$$EnhancerBySpringCGLIB$$2.save(<generated>) ~[classes/:?]
	at org.ks365.osmp.sys.web.UserController.save(UserController.java:36) ~[classes/:?]
	at org.ks365.osmp.sys.web.UserController$$FastClassBySpringCGLIB$$1.invoke(<generated>) ~[classes/:?]
	at org.springframework.cglib.proxy.MethodProxy.invoke(MethodProxy.java:218) ~[spring-core-5.2.8.RELEASE.jar:5.2.8.RELEASE]
	at org.springframework.aop.framework.CglibAopProxy$CglibMethodInvocation.invokeJoinpoint(CglibAopProxy.java:771) ~[spring-aop-5.2.8.RELEASE.jar:5.2.8.RELEASE]
	at org.springframework.aop.framework.ReflectiveMethodInvocation.proceed(ReflectiveMethodInvocation.java:163) ~[spring-aop-5.2.8.RELEASE.jar:5.2.8.RELEASE]
	at org.springframework.aop.framework.CglibAopProxy$CglibMethodInvocation.proceed(CglibAopProxy.java:749) ~[spring-aop-5.2.8.RELEASE.jar:5.2.8.RELEASE]
	at org.apache.shiro.spring.security.interceptor.AopAllianceAnnotationsAuthorizingMethodInterceptor$1.proceed(AopAllianceAnnotationsAuthorizingMethodInterceptor.java:82) ~[shiro-spring-1.4.0.jar:1.4.0]
	at org.apache.shiro.authz.aop.AuthorizingMethodInterceptor.invoke(AuthorizingMethodInterceptor.java:39) ~[shiro-core-1.4.0.jar:1.4.0]
	at org.apache.shiro.spring.security.interceptor.AopAllianceAnnotationsAuthorizingMethodInterceptor.invoke(AopAllianceAnnotationsAuthorizingMethodInterceptor.java:115) ~[shiro-spring-1.4.0.jar:1.4.0]
	at org.springframework.aop.framework.ReflectiveMethodInvocation.proceed(ReflectiveMethodInvocation.java:186) ~[spring-aop-5.2.8.RELEASE.jar:5.2.8.RELEASE]
	at org.springframework.aop.framework.CglibAopProxy$CglibMethodInvocation.proceed(CglibAopProxy.java:749) ~[spring-aop-5.2.8.RELEASE.jar:5.2.8.RELEASE]
	at org.springframework.aop.framework.CglibAopProxy$DynamicAdvisedInterceptor.intercept(CglibAopProxy.java:691) ~[spring-aop-5.2.8.RELEASE.jar:5.2.8.RELEASE]
	at org.ks365.osmp.sys.web.UserController$$EnhancerBySpringCGLIB$$1.save(<generated>) ~[classes/:?]
	at org.ks365.osmp.sys.web.UserController$$FastClassBySpringCGLIB$$1.invoke(<generated>) ~[classes/:?]
	at org.springframework.cglib.proxy.MethodProxy.invoke(MethodProxy.java:218) ~[spring-core-5.2.8.RELEASE.jar:5.2.8.RELEASE]
	at org.springframework.aop.framework.CglibAopProxy$CglibMethodInvocation.invokeJoinpoint(CglibAopProxy.java:771) ~[spring-aop-5.2.8.RELEASE.jar:5.2.8.RELEASE]
	at org.springframework.aop.framework.ReflectiveMethodInvocation.proceed(ReflectiveMethodInvocation.java:163) ~[spring-aop-5.2.8.RELEASE.jar:5.2.8.RELEASE]
	at org.springframework.aop.framework.CglibAopProxy$CglibMethodInvocation.proceed(CglibAopProxy.java:749) ~[spring-aop-5.2.8.RELEASE.jar:5.2.8.RELEASE]
	at org.apache.shiro.spring.security.interceptor.AopAllianceAnnotationsAuthorizingMethodInterceptor$1.proceed(AopAllianceAnnotationsAuthorizingMethodInterceptor.java:82) ~[shiro-spring-1.4.0.jar:1.4.0]
	at org.apache.shiro.authz.aop.AuthorizingMethodInterceptor.invoke(AuthorizingMethodInterceptor.java:39) ~[shiro-core-1.4.0.jar:1.4.0]
	at org.apache.shiro.spring.security.interceptor.AopAllianceAnnotationsAuthorizingMethodInterceptor.invoke(AopAllianceAnnotationsAuthorizingMethodInterceptor.java:115) ~[shiro-spring-1.4.0.jar:1.4.0]
	at org.springframework.aop.framework.ReflectiveMethodInvocation.proceed(ReflectiveMethodInvocation.java:186) ~[spring-aop-5.2.8.RELEASE.jar:5.2.8.RELEASE]
	at org.springframework.aop.framework.CglibAopProxy$CglibMethodInvocation.proceed(CglibAopProxy.java:749) ~[spring-aop-5.2.8.RELEASE.jar:5.2.8.RELEASE]
	at org.springframework.aop.framework.CglibAopProxy$DynamicAdvisedInterceptor.intercept(CglibAopProxy.java:691) ~[spring-aop-5.2.8.RELEASE.jar:5.2.8.RELEASE]
	at org.ks365.osmp.sys.web.UserController$$EnhancerBySpringCGLIB$$2.save(<generated>) ~[classes/:?]
	at sun.reflect.NativeMethodAccessorImpl.invoke0(Native Method) ~[?:1.8.0_191]
	at sun.reflect.NativeMethodAccessorImpl.invoke(NativeMethodAccessorImpl.java:62) ~[?:1.8.0_191]
	at sun.reflect.DelegatingMethodAccessorImpl.invoke(DelegatingMethodAccessorImpl.java:43) ~[?:1.8.0_191]
	at java.lang.reflect.Method.invoke(Method.java:498) ~[?:1.8.0_191]
	at org.springframework.web.method.support.InvocableHandlerMethod.doInvoke(InvocableHandlerMethod.java:190) ~[spring-web-5.2.8.RELEASE.jar:5.2.8.RELEASE]
	at org.springframework.web.method.support.InvocableHandlerMethod.invokeForRequest(InvocableHandlerMethod.java:138) ~[spring-web-5.2.8.RELEASE.jar:5.2.8.RELEASE]
	at org.springframework.web.servlet.mvc.method.annotation.ServletInvocableHandlerMethod.invokeAndHandle(ServletInvocableHandlerMethod.java:105) ~[spring-webmvc-5.2.8.RELEASE.jar:5.2.8.RELEASE]
	at org.springframework.web.servlet.mvc.method.annotation.RequestMappingHandlerAdapter.invokeHandlerMethod(RequestMappingHandlerAdapter.java:878) ~[spring-webmvc-5.2.8.RELEASE.jar:5.2.8.RELEASE]
	at org.springframework.web.servlet.mvc.method.annotation.RequestMappingHandlerAdapter.handleInternal(RequestMappingHandlerAdapter.java:792) ~[spring-webmvc-5.2.8.RELEASE.jar:5.2.8.RELEASE]
	at org.springframework.web.servlet.mvc.method.AbstractHandlerMethodAdapter.handle(AbstractHandlerMethodAdapter.java:87) ~[spring-webmvc-5.2.8.RELEASE.jar:5.2.8.RELEASE]
	at org.springframework.web.servlet.DispatcherServlet.doDispatch(DispatcherServlet.java:1040) ~[spring-webmvc-5.2.8.RELEASE.jar:5.2.8.RELEASE]
	at org.springframework.web.servlet.DispatcherServlet.doService(DispatcherServlet.java:943) ~[spring-webmvc-5.2.8.RELEASE.jar:5.2.8.RELEASE]
	at org.springframework.web.servlet.FrameworkServlet.processRequest(FrameworkServlet.java:1006) ~[spring-webmvc-5.2.8.RELEASE.jar:5.2.8.RELEASE]
	at org.springframework.web.servlet.FrameworkServlet.doPost(FrameworkServlet.java:909) ~[spring-webmvc-5.2.8.RELEASE.jar:5.2.8.RELEASE]
	at javax.servlet.http.HttpServlet.service(HttpServlet.java:652) ~[tomcat-embed-core-9.0.37.jar:4.0.FR]
	at org.springframework.web.servlet.FrameworkServlet.service(FrameworkServlet.java:883) ~[spring-webmvc-5.2.8.RELEASE.jar:5.2.8.RELEASE]
	at javax.servlet.http.HttpServlet.service(HttpServlet.java:733) ~[tomcat-embed-core-9.0.37.jar:4.0.FR]
	at org.apache.catalina.core.ApplicationFilterChain.internalDoFilter(ApplicationFilterChain.java:231) ~[tomcat-embed-core-9.0.37.jar:9.0.37]
	at org.apache.catalina.core.ApplicationFilterChain.doFilter(ApplicationFilterChain.java:166) ~[tomcat-embed-core-9.0.37.jar:9.0.37]
	at org.apache.tomcat.websocket.server.WsFilter.doFilter(WsFilter.java:53) ~[tomcat-embed-websocket-9.0.37.jar:9.0.37]
	at org.apache.catalina.core.ApplicationFilterChain.internalDoFilter(ApplicationFilterChain.java:193) ~[tomcat-embed-core-9.0.37.jar:9.0.37]
	at org.apache.catalina.core.ApplicationFilterChain.doFilter(ApplicationFilterChain.java:166) ~[tomcat-embed-core-9.0.37.jar:9.0.37]
	at org.apache.shiro.web.servlet.ProxiedFilterChain.doFilter(ProxiedFilterChain.java:61) ~[shiro-web-1.4.0.jar:1.4.0]
	at org.apache.shiro.web.servlet.AdviceFilter.executeChain(AdviceFilter.java:108) ~[shiro-web-1.4.0.jar:1.4.0]
	at org.apache.shiro.web.servlet.AdviceFilter.doFilterInternal(AdviceFilter.java:137) ~[shiro-web-1.4.0.jar:1.4.0]
	at org.apache.shiro.web.servlet.OncePerRequestFilter.doFilter(OncePerRequestFilter.java:125) ~[shiro-web-1.4.0.jar:1.4.0]
	at org.apache.shiro.web.servlet.ProxiedFilterChain.doFilter(ProxiedFilterChain.java:66) ~[shiro-web-1.4.0.jar:1.4.0]
	at org.apache.shiro.web.servlet.AbstractShiroFilter.executeChain(AbstractShiroFilter.java:449) ~[shiro-web-1.4.0.jar:1.4.0]
	at org.apache.shiro.web.servlet.AbstractShiroFilter$1.call(AbstractShiroFilter.java:365) ~[shiro-web-1.4.0.jar:1.4.0]
	at org.apache.shiro.subject.support.SubjectCallable.doCall(SubjectCallable.java:90) ~[shiro-core-1.4.0.jar:1.4.0]
	at org.apache.shiro.subject.support.SubjectCallable.call(SubjectCallable.java:83) ~[shiro-core-1.4.0.jar:1.4.0]
	at org.apache.shiro.subject.support.DelegatingSubject.execute(DelegatingSubject.java:387) ~[shiro-core-1.4.0.jar:1.4.0]
	at org.apache.shiro.web.servlet.AbstractShiroFilter.doFilterInternal(AbstractShiroFilter.java:362) ~[shiro-web-1.4.0.jar:1.4.0]
	at org.apache.shiro.web.servlet.OncePerRequestFilter.doFilter(OncePerRequestFilter.java:125) ~[shiro-web-1.4.0.jar:1.4.0]
	at org.apache.catalina.core.ApplicationFilterChain.internalDoFilter(ApplicationFilterChain.java:193) ~[tomcat-embed-core-9.0.37.jar:9.0.37]
	at org.apache.catalina.core.ApplicationFilterChain.doFilter(ApplicationFilterChain.java:166) ~[tomcat-embed-core-9.0.37.jar:9.0.37]
	at org.springframework.web.filter.RequestContextFilter.doFilterInternal(RequestContextFilter.java:100) ~[spring-web-5.2.8.RELEASE.jar:5.2.8.RELEASE]
	at org.springframework.web.filter.OncePerRequestFilter.doFilter(OncePerRequestFilter.java:119) ~[spring-web-5.2.8.RELEASE.jar:5.2.8.RELEASE]
	at org.apache.catalina.core.ApplicationFilterChain.internalDoFilter(ApplicationFilterChain.java:193) ~[tomcat-embed-core-9.0.37.jar:9.0.37]
	at org.apache.catalina.core.ApplicationFilterChain.doFilter(ApplicationFilterChain.java:166) ~[tomcat-embed-core-9.0.37.jar:9.0.37]
	at org.springframework.web.filter.FormContentFilter.doFilterInternal(FormContentFilter.java:93) ~[spring-web-5.2.8.RELEASE.jar:5.2.8.RELEASE]
	at org.springframework.web.filter.OncePerRequestFilter.doFilter(OncePerRequestFilter.java:119) ~[spring-web-5.2.8.RELEASE.jar:5.2.8.RELEASE]
	at org.apache.catalina.core.ApplicationFilterChain.internalDoFilter(ApplicationFilterChain.java:193) ~[tomcat-embed-core-9.0.37.jar:9.0.37]
	at org.apache.catalina.core.ApplicationFilterChain.doFilter(ApplicationFilterChain.java:166) ~[tomcat-embed-core-9.0.37.jar:9.0.37]
	at org.springframework.web.filter.CharacterEncodingFilter.doFilterInternal(CharacterEncodingFilter.java:201) ~[spring-web-5.2.8.RELEASE.jar:5.2.8.RELEASE]
	at org.springframework.web.filter.OncePerRequestFilter.doFilter(OncePerRequestFilter.java:119) ~[spring-web-5.2.8.RELEASE.jar:5.2.8.RELEASE]
	at org.apache.catalina.core.ApplicationFilterChain.internalDoFilter(ApplicationFilterChain.java:193) ~[tomcat-embed-core-9.0.37.jar:9.0.37]
	at org.apache.catalina.core.ApplicationFilterChain.doFilter(ApplicationFilterChain.java:166) ~[tomcat-embed-core-9.0.37.jar:9.0.37]
	at org.apache.catalina.core.StandardWrapperValve.invoke(StandardWrapperValve.java:202) ~[tomcat-embed-core-9.0.37.jar:9.0.37]
	at org.apache.catalina.core.StandardContextValve.__invoke(StandardContextValve.java:96) ~[tomcat-embed-core-9.0.37.jar:9.0.37]
	at org.apache.catalina.core.StandardContextValve.invoke(StandardContextValve.java:41002) ~[tomcat-embed-core-9.0.37.jar:9.0.37]
	at org.apache.catalina.authenticator.AuthenticatorBase.invoke(AuthenticatorBase.java:541) ~[tomcat-embed-core-9.0.37.jar:9.0.37]
	at org.apache.catalina.core.StandardHostValve.invoke(StandardHostValve.java:139) [tomcat-embed-core-9.0.37.jar:9.0.37]
	at org.apache.catalina.valves.ErrorReportValve.invoke(ErrorReportValve.java:92) [tomcat-embed-core-9.0.37.jar:9.0.37]
	at org.apache.catalina.core.StandardEngineValve.invoke(StandardEngineValve.java:74) [tomcat-embed-core-9.0.37.jar:9.0.37]
	at org.apache.catalina.connector.CoyoteAdapter.service(CoyoteAdapter.java:343) [tomcat-embed-core-9.0.37.jar:9.0.37]
	at org.apache.coyote.http11.Http11Processor.service(Http11Processor.java:373) [tomcat-embed-core-9.0.37.jar:9.0.37]
	at org.apache.coyote.AbstractProcessorLight.process(AbstractProcessorLight.java:65) [tomcat-embed-core-9.0.37.jar:9.0.37]
	at org.apache.coyote.AbstractProtocol$ConnectionHandler.process(AbstractProtocol.java:868) [tomcat-embed-core-9.0.37.jar:9.0.37]
	at org.apache.tomcat.util.net.NioEndpoint$SocketProcessor.doRun(NioEndpoint.java:1589) [tomcat-embed-core-9.0.37.jar:9.0.37]
	at org.apache.tomcat.util.net.SocketProcessorBase.run(SocketProcessorBase.java:49) [tomcat-embed-core-9.0.37.jar:9.0.37]
	at java.util.concurrent.ThreadPoolExecutor.runWorker(ThreadPoolExecutor.java:1149) [?:1.8.0_191]
	at java.util.concurrent.ThreadPoolExecutor$Worker.run(ThreadPoolExecutor.java:624) [?:1.8.0_191]
	at org.apache.tomcat.util.threads.TaskThread$WrappingRunnable.run(TaskThread.java:61) [tomcat-embed-core-9.0.37.jar:9.0.37]
	at java.lang.Thread.run(Thread.java:748) [?:1.8.0_191]
[16:44:55:133] [ERROR] - org.ks365.osmp.common.exception.GlobalExceptionAdvice.error(GlobalExceptionAdvice.java:64) - 请求异常
[17:05:54:834] [ERROR] - org.ks365.osmp.common.exception.GlobalExceptionAdvice.error(GlobalExceptionAdvice.java:64) - 请求异常
[17:14:27:607] [WARN] - org.mybatis.spring.mapper.ClassPathMapperScanner.doScan(ClassPathMapperScanner.java:166) - No MyBatis mapper was found in '[org.ks365.osmp.**.dao.mapper]' package. Please check your configuration.
[17:15:22:424] [ERROR] - org.ks365.osmp.common.exception.GlobalExceptionAdvice.error(GlobalExceptionAdvice.java:64) - 请求异常
[17:15:28:997] [ERROR] - org.ks365.osmp.common.exception.GlobalExceptionAdvice.error(GlobalExceptionAdvice.java:64) - 请求异常
[17:16:40:698] [ERROR] - org.ks365.osmp.common.exception.GlobalExceptionAdvice.error(GlobalExceptionAdvice.java:64) - 请求异常
[17:17:18:033] [ERROR] - org.ks365.osmp.common.exception.GlobalExceptionAdvice.error(GlobalExceptionAdvice.java:64) - 请求异常
[17:46:49:994] [WARN] - org.mybatis.spring.mapper.ClassPathMapperScanner.doScan(ClassPathMapperScanner.java:166) - No MyBatis mapper was found in '[org.ks365.osmp.**.dao.mapper]' package. Please check your configuration.
[17:51:51:801] [WARN] - org.mybatis.spring.mapper.ClassPathMapperScanner.doScan(ClassPathMapperScanner.java:166) - No MyBatis mapper was found in '[org.ks365.osmp.**.dao.mapper]' package. Please check your configuration.
